2020-09-18 17:53:03,848 INFO o.a.j.u.JMeterUtils: Setting Locale to en_EN
2020-09-18 17:53:03,867 INFO o.a.j.JMeter: Loading user properties from: user.properties
2020-09-18 17:53:03,868 INFO o.a.j.JMeter: Loading system properties from: system.properties
2020-09-18 17:53:03,869 INFO o.a.j.JMeter: Setting JMeter property: jmeterengine.force.system.exit=true
2020-09-18 17:53:03,871 INFO o.a.j.JMeter: Copyright (c) 1998-2020 The Apache Software Foundation
2020-09-18 17:53:03,871 INFO o.a.j.JMeter: Version 5.3
2020-09-18 17:53:03,871 INFO o.a.j.JMeter: java.version=1.8.0_265
2020-09-18 17:53:03,871 INFO o.a.j.JMeter: java.vm.name=OpenJDK 64-Bit Server VM
2020-09-18 17:53:03,871 INFO o.a.j.JMeter: os.name=Windows 10
2020-09-18 17:53:03,871 INFO o.a.j.JMeter: os.arch=amd64
2020-09-18 17:53:03,871 INFO o.a.j.JMeter: os.version=10.0
2020-09-18 17:53:03,871 INFO o.a.j.JMeter: file.encoding=Cp1251
2020-09-18 17:53:03,872 INFO o.a.j.JMeter: java.awt.headless=true
2020-09-18 17:53:03,872 INFO o.a.j.JMeter: Max memory     =1073741824
2020-09-18 17:53:03,872 INFO o.a.j.JMeter: Available Processors =4
2020-09-18 17:53:03,878 INFO o.a.j.JMeter: Default Locale=English (EN)
2020-09-18 17:53:03,878 INFO o.a.j.JMeter: JMeter  Locale=English (EN)
2020-09-18 17:53:03,879 INFO o.a.j.JMeter: JMeterHome=C:\tools\apache-jmeter-5.3
2020-09-18 17:53:03,879 INFO o.a.j.JMeter: user.dir  =C:\tools\apache-jmeter-5.3\bin
2020-09-18 17:53:03,879 INFO o.a.j.JMeter: PWD       =C:\tools\apache-jmeter-5.3\bin
2020-09-18 17:53:03,881 INFO o.a.j.JMeter: IP: 192.168.1.104 Name: ITokareva FullName: ITokareva
2020-09-18 17:53:03,888 INFO o.a.j.s.FileServer: Default base='C:\tools\apache-jmeter-5.3\bin'
2020-09-18 17:53:03,893 INFO o.a.j.s.FileServer: Set new base='C:\tools\apache-jmeter-5.3\bin\..\..\Test task'
2020-09-18 17:53:04,061 INFO o.a.j.s.SaveService: Testplan (JMX) version: 2.2. Testlog (JTL) version: 2.2
2020-09-18 17:53:04,087 INFO o.a.j.s.SaveService: Using SaveService properties file encoding UTF-8
2020-09-18 17:53:04,093 INFO o.a.j.s.SaveService: Using SaveService properties version 5.0
2020-09-18 17:53:04,101 INFO o.a.j.s.SaveService: Loading file: ..\..\Test task\Test task.jmx
2020-09-18 17:53:04,140 INFO o.a.j.p.h.c.CookieManager: Settings: Delete null: true Check: true Allow variable: true Save: false Prefix: COOKIE_
2020-09-18 17:53:04,165 INFO o.a.j.p.h.s.HTTPSamplerBase: Parser for text/html is org.apache.jmeter.protocol.http.parser.LagartoBasedHtmlParser
2020-09-18 17:53:04,165 INFO o.a.j.p.h.s.HTTPSamplerBase: Parser for application/xhtml+xml is org.apache.jmeter.protocol.http.parser.LagartoBasedHtmlParser
2020-09-18 17:53:04,165 INFO o.a.j.p.h.s.HTTPSamplerBase: Parser for application/xml is org.apache.jmeter.protocol.http.parser.LagartoBasedHtmlParser
2020-09-18 17:53:04,165 INFO o.a.j.p.h.s.HTTPSamplerBase: Parser for text/xml is org.apache.jmeter.protocol.http.parser.LagartoBasedHtmlParser
2020-09-18 17:53:04,165 INFO o.a.j.p.h.s.HTTPSamplerBase: Parser for text/vnd.wap.wml is org.apache.jmeter.protocol.http.parser.RegexpHTMLParser
2020-09-18 17:53:04,166 INFO o.a.j.p.h.s.HTTPSamplerBase: Parser for text/css is org.apache.jmeter.protocol.http.parser.CssParser
2020-09-18 17:53:04,550 INFO o.a.j.e.KeyToolUtils: keytool found at 'keytool'
2020-09-18 17:53:04,552 INFO o.a.j.p.h.p.ProxyControl: HTTP(S) Test Script Recorder SSL Proxy will use keys that support embedded 3rd party resources in file C:\tools\apache-jmeter-5.3\bin\proxyserver.jks
2020-09-18 17:53:04,597 INFO o.a.j.JMeter: Creating summariser <summary>
2020-09-18 17:53:04,629 INFO o.a.j.e.StandardJMeterEngine: Running the test!
2020-09-18 17:53:04,631 INFO o.a.j.s.SampleEvent: List of sample_variables: []
2020-09-18 17:53:04,631 INFO o.a.j.s.SampleEvent: List of sample_variables: []
2020-09-18 17:53:04,640 INFO o.a.j.e.u.CompoundVariable: Note: Function class names must contain the string: '.functions.'
2020-09-18 17:53:04,641 INFO o.a.j.e.u.CompoundVariable: Note: Function class names must not contain the string: '.gui.'
2020-09-18 17:53:05,380 INFO o.a.j.JMeter: Running test (1600440785379)
2020-09-18 17:53:05,437 INFO o.a.j.e.StandardJMeterEngine: Starting ThreadGroup: 1 : Thread Group
2020-09-18 17:53:05,437 INFO o.a.j.e.StandardJMeterEngine: Starting 1 threads for group Thread Group.
2020-09-18 17:53:05,437 INFO o.a.j.e.StandardJMeterEngine: Thread will continue on error
2020-09-18 17:53:05,438 INFO o.a.j.t.ThreadGroup: Starting thread group... number=1 threads=1 ramp-up=1 delayedStart=false
2020-09-18 17:53:05,447 INFO o.a.j.t.ThreadGroup: Started thread group number 1
2020-09-18 17:53:05,448 INFO o.a.j.e.StandardJMeterEngine: All thread groups have been started
2020-09-18 17:53:05,460 INFO o.a.j.t.JMeterThread: Thread started: Thread Group 1-1
2020-09-18 17:53:05,461 INFO o.a.j.s.FileServer: Stored: age.csv
2020-09-18 17:53:05,501 INFO o.a.j.p.h.s.HTTPHCAbstractImpl: Local host = ITokareva
2020-09-18 17:53:05,513 INFO o.a.j.p.h.s.HTTPHC4Impl: HTTP request retry count = 0
2020-09-18 17:53:05,516 INFO o.a.j.s.SampleResult: Note: Sample TimeStamps are START times
2020-09-18 17:53:05,516 INFO o.a.j.s.SampleResult: sampleresult.default.encoding is set to ISO-8859-1
2020-09-18 17:53:05,517 INFO o.a.j.s.SampleResult: sampleresult.useNanoTime=true
2020-09-18 17:53:05,517 INFO o.a.j.s.SampleResult: sampleresult.nanoThreadSleep=5000
2020-09-18 17:53:05,715 INFO o.a.j.p.h.s.h.LazyLayeredConnectionSocketFactory: Setting up HTTPS TrustAll Socket Factory
2020-09-18 17:53:05,726 INFO o.a.j.u.JsseSSLManager: Using default SSL protocol: TLS
2020-09-18 17:53:05,726 INFO o.a.j.u.JsseSSLManager: SSL session context: per-thread
2020-09-18 17:53:06,030 INFO o.a.j.u.SSLManager: JmeterKeyStore Location:  type JKS
2020-09-18 17:53:06,033 INFO o.a.j.u.SSLManager: KeyStore created OK
2020-09-18 17:53:06,033 WARN o.a.j.u.SSLManager: Keystore file not found, loading empty keystore
2020-09-18 17:53:12,146 INFO o.a.j.t.JMeterThread: Thread is done: Thread Group 1-1
2020-09-18 17:53:12,147 INFO o.a.j.t.JMeterThread: Thread finished: Thread Group 1-1
2020-09-18 17:53:12,153 INFO o.a.j.e.StandardJMeterEngine: Notifying test listeners of end of test
2020-09-18 17:53:12,153 INFO o.a.j.s.FileServer: Close: age.csv
2020-09-18 17:53:12,157 INFO o.a.j.r.Summariser: summary =      7 in 00:00:07 =    1.0/s Avg:   663 Min:   272 Max:  1661 Err:     0 (0.00%)
2020-09-18 17:53:12,163 INFO o.a.j.e.StandardJMeterEngine: Forced JVM shutdown requested at end of test
